\BOOKMARK [1][-]{section.1}{\376\377\000P\000V\000-\000t\000o\000-\000C\000o\000n\000v\000e\000r\000t\000e\000r\000\040\000e\000x\000e\000r\000g\000y\000\040\000c\000a\000s\000c\000a\000d\000e}{}% 1
\BOOKMARK [2][-]{subsection.1.1}{\376\377\000S\000y\000s\000t\000e\000m\000\040\000d\000e\000s\000c\000r\000i\000p\000t\000i\000o\000n}{section.1}% 2
\BOOKMARK [2][-]{subsection.1.2}{\376\377\000A\000s\000s\000u\000m\000p\000t\000i\000o\000n\000s}{section.1}% 3
\BOOKMARK [2][-]{subsection.1.3}{\376\377\000S\000t\000a\000g\000e\000\040\0001\000:\000\040\000P\000V\000\040\000c\000e\000l\000l}{section.1}% 4
\BOOKMARK [2][-]{subsection.1.4}{\376\377\000S\000t\000a\000g\000e\000s\000\040\0002\040\023\0004\000:\000\040\000C\000o\000n\000t\000r\000o\000l\000l\000e\000r\000,\000\040\000b\000a\000t\000t\000e\000r\000y\000,\000\040\000D\000C\000/\000A\000C\000\040\000i\000n\000v\000e\000r\000t\000e\000r}{section.1}% 5
\BOOKMARK [2][-]{subsection.1.5}{\376\377\000C\000o\000d\000e\040\023\000e\000q\000u\000a\000t\000i\000o\000n\000\040\000m\000a\000p\000p\000i\000n\000g}{section.1}% 6
\BOOKMARK [1][-]{section.2}{\376\377\000S\000t\000r\000a\000t\000i\000f\000i\000e\000d\000\040\000s\000t\000o\000r\000a\000g\000e\000\040\000t\000a\000n\000k\000\040\000m\000o\000d\000e\000l}{}% 7
\BOOKMARK [2][-]{subsection.2.1}{\376\377\000S\000y\000s\000t\000e\000m\000\040\000d\000e\000s\000c\000r\000i\000p\000t\000i\000o\000n}{section.2}% 8
\BOOKMARK [2][-]{subsection.2.2}{\376\377\000A\000s\000s\000u\000m\000p\000t\000i\000o\000n\000s}{section.2}% 9
\BOOKMARK [2][-]{subsection.2.3}{\376\377\000G\000o\000v\000e\000r\000n\000i\000n\000g\000\040\000e\000q\000u\000a\000t\000i\000o\000n\000s}{section.2}% 10
\BOOKMARK [2][-]{subsection.2.4}{\376\377\000T\000D\000M\000A\000\040\000d\000i\000s\000c\000r\000e\000t\000i\000z\000a\000t\000i\000o\000n}{section.2}% 11
\BOOKMARK [2][-]{subsection.2.5}{\376\377\000E\000x\000t\000e\000r\000n\000a\000l\000\040\000l\000o\000o\000p\000\040\000a\000d\000v\000e\000c\000t\000i\000o\000n}{section.2}% 12
\BOOKMARK [2][-]{subsection.2.6}{\376\377\000C\000o\000d\000e\040\023\000e\000q\000u\000a\000t\000i\000o\000n\000\040\000m\000a\000p\000p\000i\000n\000g}{section.2}% 13
\BOOKMARK [1][-]{section.3}{\376\377\000S\000t\000e\000a\000d\000y\000-\000s\000t\000a\000t\000e\000\040\000d\000o\000m\000e\000s\000t\000i\000c\000\040\000h\000o\000t\000\040\000w\000a\000t\000e\000r\000\040\000m\000o\000d\000e\000l\000s}{}% 14
\BOOKMARK [2][-]{subsection.3.1}{\376\377\000C\000o\000m\000m\000o\000n\000\040\000s\000y\000s\000t\000e\000m\000\040\000b\000o\000u\000n\000d\000a\000r\000y}{section.3}% 15
\BOOKMARK [2][-]{subsection.3.2}{\376\377\000C\000o\000m\000m\000o\000n\000\040\000t\000h\000e\000r\000m\000o\000d\000y\000n\000a\000m\000i\000c\000\040\000f\000o\000r\000m\000u\000l\000a\000t\000i\000o\000n\000s}{section.3}% 16
\BOOKMARK [2][-]{subsection.3.3}{\376\377\000E\000l\000e\000c\000t\000r\000i\000c\000\040\000b\000o\000i\000l\000e\000r}{section.3}% 17
\BOOKMARK [2][-]{subsection.3.4}{\376\377\000G\000a\000s\000\040\000b\000o\000i\000l\000e\000r}{section.3}% 18
\BOOKMARK [2][-]{subsection.3.5}{\376\377\000H\000e\000a\000t\000\040\000p\000u\000m\000p\000\040\000b\000o\000i\000l\000e\000r}{section.3}% 19
\BOOKMARK [2][-]{subsection.3.6}{\376\377\000E\000x\000e\000r\000g\000y\000\040\000e\000f\000f\000i\000c\000i\000e\000n\000c\000y\000\040\000\050\000a\000l\000l\000\040\000m\000o\000d\000e\000l\000s\000\051}{section.3}% 20
\BOOKMARK [1][-]{section.4}{\376\377\000T\000h\000e\000r\000m\000o\000d\000y\000n\000a\000m\000i\000c\000\040\000c\000o\000r\000r\000e\000l\000a\000t\000i\000o\000n\000s\000\040\000a\000n\000d\000\040\000u\000t\000i\000l\000i\000t\000y\000\040\000f\000u\000n\000c\000t\000i\000o\000n\000s}{}% 21
\BOOKMARK [2][-]{subsection.4.1}{\376\377\000C\000O\000P\000\040\000c\000o\000r\000r\000e\000l\000a\000t\000i\000o\000n\000s}{section.4}% 22
\BOOKMARK [2][-]{subsection.4.2}{\376\377\000F\000r\000i\000c\000t\000i\000o\000n\000\040\000f\000a\000c\000t\000o\000r\000\040\000\050\000D\000a\000r\000c\000y\040\023\000W\000e\000i\000s\000b\000a\000c\000h\000\051}{section.4}% 23
\BOOKMARK [2][-]{subsection.4.3}{\376\377\000N\000a\000t\000u\000r\000a\000l\000\040\000c\000o\000n\000v\000e\000c\000t\000i\000o\000n\000\040\000\050\000v\000e\000r\000t\000i\000c\000a\000l\000\040\000p\000l\000a\000t\000e\000\051}{section.4}% 24
\BOOKMARK [2][-]{subsection.4.4}{\376\377\000F\000i\000n\000i\000t\000e\000\040\000l\000i\000n\000e\000\040\000s\000o\000u\000r\000c\000e\000\040\000\050\000F\000L\000S\000\051\000\040\000g\000-\000f\000u\000n\000c\000t\000i\000o\000n}{section.4}% 25
\BOOKMARK [2][-]{subsection.4.5}{\376\377\000T\000D\000M\000A\000\040\000\050\000T\000h\000o\000m\000a\000s\000\040\000a\000l\000g\000o\000r\000i\000t\000h\000m\000\051}{section.4}% 26
\BOOKMARK [1][-]{section.5}{\376\377\000A\000i\000r\000\040\000s\000o\000u\000r\000c\000e\000\040\000h\000e\000a\000t\000\040\000p\000u\000m\000p\000\040\000b\000o\000i\000l\000e\000r}{}% 27
\BOOKMARK [2][-]{subsection.5.1}{\376\377\000A\000s\000s\000u\000m\000p\000t\000i\000o\000n\000s}{section.5}% 28
\BOOKMARK [2][-]{subsection.5.2}{\376\377\000R\000e\000f\000r\000i\000g\000e\000r\000a\000n\000t\000\040\000c\000y\000c\000l\000e\000\040\000s\000t\000a\000t\000e\000\040\000p\000o\000i\000n\000t\000s}{section.5}% 29
\BOOKMARK [2][-]{subsection.5.3}{\376\377\000H\000e\000a\000t\000\040\000e\000x\000c\000h\000a\000n\000g\000e\000r\000\040\000m\000o\000d\000e\000l\000s}{section.5}% 30
\BOOKMARK [2][-]{subsection.5.4}{\376\377\000C\000o\000m\000p\000r\000e\000s\000s\000o\000r\000\040\000m\000o\000d\000e\000l}{section.5}% 31
\BOOKMARK [2][-]{subsection.5.5}{\376\377\000D\000i\000f\000f\000e\000r\000e\000n\000t\000i\000a\000l\000\040\000E\000v\000o\000l\000u\000t\000i\000o\000n\000\040\000o\000p\000t\000i\000m\000i\000s\000a\000t\000i\000o\000n}{section.5}% 32
\BOOKMARK [2][-]{subsection.5.6}{\376\377\000S\000t\000o\000r\000a\000g\000e\000\040\000t\000a\000n\000k\000\040\000e\000n\000e\000r\000g\000y\000\040\000b\000a\000l\000a\000n\000c\000e}{section.5}% 33
\BOOKMARK [2][-]{subsection.5.7}{\376\377\000E\000x\000e\000r\000g\000y\000\040\000a\000n\000a\000l\000y\000s\000i\000s}{section.5}% 34
\BOOKMARK [1][-]{section.6}{\376\377\000G\000r\000o\000u\000n\000d\000\040\000s\000o\000u\000r\000c\000e\000\040\000h\000e\000a\000t\000\040\000p\000u\000m\000p\000\040\000b\000o\000i\000l\000e\000r}{}% 35
\BOOKMARK [2][-]{subsection.6.1}{\376\377\000A\000s\000s\000u\000m\000p\000t\000i\000o\000n\000s}{section.6}% 36
\BOOKMARK [2][-]{subsection.6.2}{\376\377\000G\000r\000o\000u\000n\000d\000-\000c\000o\000u\000p\000l\000e\000d\000\040\000e\000v\000a\000p\000o\000r\000a\000t\000o\000r}{section.6}% 37
\BOOKMARK [2][-]{subsection.6.3}{\376\377\000M\000o\000d\000i\000f\000i\000e\000d\000\040\000C\000O\000P\000\040\000c\000o\000r\000r\000e\000l\000a\000t\000i\000o\000n}{section.6}% 38
\BOOKMARK [2][-]{subsection.6.4}{\376\377\000B\000r\000i\000n\000e\000\040\000l\000o\000o\000p\000\040\000e\000n\000e\000r\000g\000y\000\040\000b\000a\000l\000a\000n\000c\000e}{section.6}% 39
\BOOKMARK [2][-]{subsection.6.5}{\376\377\000E\000x\000e\000r\000g\000y\000\040\000a\000n\000a\000l\000y\000s\000i\000s}{section.6}% 40
\BOOKMARK [1][-]{section.7}{\376\377\000W\000a\000t\000e\000r\000\040\000S\000o\000u\000r\000c\000e\000\040\000H\000e\000a\000t\000\040\000P\000u\000m\000p\000\040\000B\000o\000i\000l\000e\000r}{}% 41
\BOOKMARK [2][-]{subsection.7.1}{\376\377\000M\000F\000L\000S\000-\000b\000a\000s\000e\000d\000\040\000W\000a\000t\000e\000r\000\040\000S\000o\000u\000r\000c\000e\000\040\000M\000o\000d\000e\000l\000i\000n\000g}{section.7}% 42
\BOOKMARK [2][-]{subsection.7.2}{\376\377\000W\000a\000t\000e\000r\000\040\000S\000o\000u\000r\000c\000e\000\040\000E\000v\000a\000p\000o\000r\000a\000t\000o\000r\000\040\000H\000e\000a\000t\000\040\000E\000x\000t\000r\000a\000c\000t\000i\000o\000n}{section.7}% 43
