\BOOKMARK [1][-]{section.1}{\376\377\000P\000V\000-\000t\000o\000-\000C\000o\000n\000v\000e\000r\000t\000e\000r\000\040\305\321\301\034\311\300\000\040\316\220\302\244\317\000\307\164\264\334}{}% 1
\BOOKMARK [2][-]{subsection.1.1}{\376\377\302\334\302\244\321\134\000\040\254\034\306\224}{section.1}% 2
\BOOKMARK [2][-]{subsection.1.2}{\376\377\254\000\310\025}{section.1}% 3
\BOOKMARK [2][-]{subsection.1.3}{\376\377\262\350\254\304\000\040\0001\000:\000\040\000P\000V\000\040\301\100}{section.1}% 4
\BOOKMARK [2][-]{subsection.1.4}{\376\377\262\350\254\304\000\040\0002\040\023\0004\000:\000\040\310\034\305\264\256\060\000,\000\040\274\060\321\060\271\254\000,\000\040\000D\000C\000/\000A\000C\000\040\307\170\274\204\321\060}{section.1}% 5
\BOOKMARK [2][-]{subsection.1.5}{\376\377\317\124\264\334\040\023\302\030\302\335\000\040\263\000\307\121\000\040\324\134}{section.1}% 6
\BOOKMARK [1][-]{section.2}{\376\377\301\061\316\065\326\025\000\040\310\000\320\325\310\160\000\040\272\250\263\170}{}% 7
\BOOKMARK [2][-]{subsection.2.1}{\376\377\302\334\302\244\321\134\000\040\254\034\306\224}{section.2}% 8
\BOOKMARK [2][-]{subsection.2.2}{\376\377\254\000\310\025}{section.2}% 9
\BOOKMARK [2][-]{subsection.2.3}{\376\377\311\300\274\060\274\051\310\025\302\335}{section.2}% 10
\BOOKMARK [2][-]{subsection.2.4}{\376\377\000T\000D\000M\000A\000\040\307\164\300\260\326\124}{section.2}% 11
\BOOKMARK [2][-]{subsection.2.5}{\376\377\306\170\275\200\000\040\270\350\325\004\000\040\307\164\271\130}{section.2}% 12
\BOOKMARK [2][-]{subsection.2.6}{\376\377\317\124\264\334\040\023\302\030\302\335\000\040\263\000\307\121\000\040\324\134}{section.2}% 13
\BOOKMARK [1][-]{section.3}{\376\377\310\025\300\301\300\301\320\334\000\040\256\011\320\325\000\040\302\334\302\244\321\134\000\040\272\250\263\170}{}% 14
\BOOKMARK [2][-]{subsection.3.1}{\376\377\254\365\321\265\000\040\302\334\302\244\321\134\000\040\254\275\254\304}{section.3}% 15
\BOOKMARK [2][-]{subsection.3.2}{\376\377\254\365\321\265\000\040\305\364\305\355\325\131\000\040\310\025\302\335\326\124}{section.3}% 16
\BOOKMARK [2][-]{subsection.3.3}{\376\377\310\004\256\060\000\040\274\364\307\174\267\354}{section.3}% 17
\BOOKMARK [2][-]{subsection.3.4}{\376\377\254\000\302\244\000\040\274\364\307\174\267\354}{section.3}% 18
\BOOKMARK [2][-]{subsection.3.5}{\376\377\327\210\322\270\323\214\325\004\000\040\256\011\320\325\256\060}{section.3}% 19
\BOOKMARK [2][-]{subsection.3.6}{\376\377\305\321\301\034\311\300\000\040\326\250\307\050\000\040\000\050\310\004\000\040\272\250\263\170\000\040\254\365\321\265\000\051}{section.3}% 20
\BOOKMARK [1][-]{section.4}{\376\377\305\364\305\355\325\131\000\040\300\301\255\000\302\335\000\040\274\017\000\040\307\040\322\370\271\254\322\360\000\040\325\150\302\030}{}% 21
\BOOKMARK [2][-]{subsection.4.1}{\376\377\000C\000O\000P\000\040\300\301\255\000\302\335}{section.4}% 22
\BOOKMARK [2][-]{subsection.4.2}{\376\377\271\310\314\060\000\040\254\304\302\030\000\040\000\050\000D\000a\000r\000c\000y\040\023\000W\000e\000i\000s\000b\000a\000c\000h\000\051}{section.4}% 23
\BOOKMARK [2][-]{subsection.4.3}{\376\377\307\220\305\360\263\000\271\130\000\040\000\050\302\030\311\301\000\040\323\311\323\020\000\051}{section.4}% 24
\BOOKMARK [2][-]{subsection.4.4}{\376\377\254\025\310\034\263\000\271\130\000\040\000\050\254\025\310\034\000\040\255\120\314\050\307\040\263\331\000\040\306\320\321\265\000\051}{section.4}% 25
\BOOKMARK [2][-]{subsection.4.5}{\376\377\307\040\325\134\301\040\306\320\000\040\000\050\000F\000L\000S\000\051\000\040\000g\000-\325\150\302\030}{section.4}% 26
\BOOKMARK [2][-]{subsection.4.6}{\376\377\000T\000D\000M\000A\000\040\000\050\000T\000h\000o\000m\000a\000s\000\040\305\114\254\340\271\254\311\230\000\051}{section.4}% 27
\BOOKMARK [1][-]{section.5}{\376\377\254\365\256\060\305\364\306\320\000\040\327\210\322\270\323\214\325\004\000\040\256\011\320\325\256\060}{}% 28
\BOOKMARK [2][-]{subsection.5.1}{\376\377\254\000\310\025}{section.5}% 29
\BOOKMARK [2][-]{subsection.5.2}{\376\377\260\311\271\344\000\040\300\254\307\164\320\164\000\040\300\301\320\334\310\020}{section.5}% 30
\BOOKMARK [2][-]{subsection.5.3}{\376\377\305\364\255\120\326\130\256\060\000\040\272\250\263\170}{section.5}% 31
\BOOKMARK [2][-]{subsection.5.4}{\376\377\305\125\315\225\256\060\000\040\272\250\263\170}{section.5}% 32
\BOOKMARK [2][-]{subsection.5.5}{\376\377\000D\000i\000f\000f\000e\000r\000e\000n\000t\000i\000a\000l\000\040\000E\000v\000o\000l\000u\000t\000i\000o\000n\000\040\315\134\310\001\326\124}{section.5}% 33
\BOOKMARK [2][-]{subsection.5.6}{\376\377\310\000\320\325\310\160\000\040\305\320\261\010\311\300\000\040\274\070\267\360\302\244}{section.5}% 34
\BOOKMARK [2][-]{subsection.5.7}{\376\377\305\321\301\034\311\300\000\040\275\204\301\035}{section.5}% 35
\BOOKMARK [1][-]{section.6}{\376\377\311\300\305\364\306\320\000\040\327\210\322\270\323\214\325\004\000\040\256\011\320\325\256\060}{}% 36
\BOOKMARK [2][-]{subsection.6.1}{\376\377\254\000\310\025}{section.6}% 37
\BOOKMARK [2][-]{subsection.6.2}{\376\377\311\300\311\021\000\040\254\260\325\151\000\040\311\235\274\034\256\060}{section.6}% 38
\BOOKMARK [2][-]{subsection.6.3}{\376\377\272\205\302\334\310\001\000\040\311\235\256\060\305\125\315\225\000\040\305\355\325\131\000\040\272\250\263\170\000\040\000\050\000E\000x\000p\000l\000i\000c\000i\000t\000\040\000V\000a\000p\000o\000r\000-\000C\000o\000m\000p\000r\000e\000s\000s\000i\000o\000n\000\040\000C\000y\000c\000l\000e\000\051}{section.6}% 39
\BOOKMARK [2][-]{subsection.6.4}{\376\377\276\014\267\174\307\170\000\040\270\350\325\004\000\040\305\320\261\010\311\300\000\040\302\030\311\300}{section.6}% 40
\BOOKMARK [2][-]{subsection.6.5}{\376\377\305\321\301\034\311\300\000\040\275\204\301\035}{section.6}% 41
\BOOKMARK [1][-]{section.7}{\376\377\302\030\305\364\306\320\000\040\327\210\322\270\323\214\325\004\000\040\256\011\320\325\256\060}{}% 42
\BOOKMARK [2][-]{subsection.7.1}{\376\377\254\025\310\034\263\000\271\130\000\040\256\060\274\030\000\040\316\150\302\030\326\025\000\040\305\364\255\120\326\130\256\060\000\050\000S\000u\000b\000m\000e\000r\000g\000e\000d\000\040\000C\000o\000i\000l\000\051\000\040\272\250\263\170\271\301}{section.7}% 43
\BOOKMARK [2][-]{subsection.7.2}{\376\377\302\030\305\364\306\320\000\040\311\235\274\034\256\060\000\040\314\104\305\364\267\311}{section.7}% 44
